        -:    0:Source:/home/mury/Oop/Lab10/QtTest/contract.h
        -:    1:#pragma once
        -:    2:#include "disciplina.h"
        -:    3:#include <vector>
        -:    4:
        -:    5:class contract {
        -:    6:private:
        -:    7:  std::vector<disciplina> c_list;
        -:    8:
        -:    9:public:
       8*:   10:  contract() = default;
------------------
_ZN8contractC2Ev:
        8:   10:  contract() = default;
------------------
_ZN8contractC2Ev:
    #####:   10:  contract() = default;
------------------
        -:   11:
        -:   12:  void add_to_contract(const disciplina &x);
        -:   13:
        -:   14:  void addrandom_to_contract(std::vector<disciplina> list,
        -:   15:                             long unsigned int nr);
        -:   16:
        -:   17:  void delete_all();
        -:   18:
        -:   19:  const std::vector<disciplina> &get_all();
        -:   20:};
