        -:    0:Source:/home/mury/Oop/Lab10/QtTest/main.cpp
        -:    1:#include "gui.h"
        -:    2:#include "teste.h"
        -:    3:#include "ui.h"
        -:    4:#include "validator.h"
        -:    5:#include <QtWidgets/QApplication>
        -:    6:
    #####:    7:void runGUI(int argc, char **argv) {
    #####:    8:  QApplication app(argc, argv);
    #####:    9:  repository repo;
        -:   10:  validator val;
    #####:   11:  services serv{repo, val};
    #####:   12:  guiMain ui{serv};
    #####:   13:  ui.show();
    #####:   14:  app.exec();
    #####:   15:}
        -:   16:
        1:   17:int main(int argc, char **argv) {
        -:   18:
        1:   19:  test_all();
        -:   20:  // runGUI(argc, argv);
        -:   21:
        1:   22:  std::cout << "END\n";
        1:   23:  return 0;
        -:   24:}
