        -:    0:Source:/home/mury/Oop/Lab10/QtTest/undo.h
        -:    1:#pragma once
        -:    2:#include "disciplina.h"
        -:    3:#include "repository.h"
        -:    4:
        -:    5:class UndoAction {
        -:    6:public:
        -:    7:  virtual void do_undo() = 0;
        -:    8:
     108*:    9:  virtual ~UndoAction() = default;
------------------
_ZN10UndoActionD0Ev:
function _ZN10UndoActionD0Ev called 0 returned 0% blocks executed 0%
    #####:    9:  virtual ~UndoAction() = default;
call    0 never executed
call    1 never executed
------------------
_ZN10UndoActionD2Ev:
function _ZN10UndoActionD2Ev called 108 returned 100% blocks executed 100%
      108:    9:  virtual ~UndoAction() = default;
------------------
        -:   10:
function _ZN10UndoActionC2Ev called 108 returned 100% blocks executed 100%
      108:   11:  UndoAction() = default;
        -:   12:
        -:   13:  UndoAction(const UndoAction &x) = delete;
        -:   14:
        -:   15:  UndoAction &operator=(const UndoAction &) = delete;
        -:   16:
        -:   17:  UndoAction(UndoAction &&) = default;
        -:   18:
        -:   19:  UndoAction &operator=(UndoAction &&) = delete;
        -:   20:};
        -:   21:
        -:   22:class UndoAdd : public UndoAction {
        -:   23:private:
        -:   24:  disciplina to_add;
        -:   25:  repository &repo;
        -:   26:
        -:   27:public:
function _ZN7UndoAddC2E10disciplinaR10repository called 88 returned 100% blocks executed 80%
       88:   28:  UndoAdd(disciplina to_add, repository &repo) : to_add{to_add}, repo{repo} {}
call    0 returned 88
call    1 returned 88
branch  2 taken 88 (fallthrough)
branch  3 taken 0 (throw)
call    4 never executed
        -:   29:
function _ZN7UndoAdd7do_undoEv called 8 returned 100% blocks executed 100%
        8:   30:  void do_undo() override { repo.remove(to_add); }
call    0 returned 8
        -:   31:};
        -:   32:
        -:   33:class UndoRemove : public UndoAction {
        -:   34:private:
        -:   35:  disciplina to_remove;
        -:   36:  repository &repo;
        -:   37:
        -:   38:public:
function _ZN10UndoRemoveC2E10disciplinaR10repository called 12 returned 100% blocks executed 80%
       12:   39:  UndoRemove(disciplina to_remove, repository &repo)
       12:   40:      : to_remove{to_remove}, repo{repo} {}
call    0 returned 12
call    1 returned 12
branch  2 taken 12 (fallthrough)
branch  3 taken 0 (throw)
call    4 never executed
        -:   41:
function _ZN10UndoRemove7do_undoEv called 4 returned 100% blocks executed 100%
        4:   42:  void do_undo() override { repo.add(to_remove); }
call    0 returned 4
        -:   43:};
        -:   44:
        -:   45:class UndoModify : public UndoAction {
        -:   46:private:
        -:   47:  disciplina to_modify;
        -:   48:  repository &repo;
        -:   49:
        -:   50:public:
function _ZN10UndoModifyC2E10disciplinaR10repository called 8 returned 100% blocks executed 80%
        8:   51:  UndoModify(disciplina to_modify, repository &repo)
        8:   52:      : to_modify{to_modify}, repo{repo} {}
call    0 returned 8
call    1 returned 8
branch  2 taken 8 (fallthrough)
branch  3 taken 0 (throw)
call    4 never executed
        -:   53:
function _ZN10UndoModify7do_undoEv called 4 returned 100% blocks executed 100%
        4:   54:  void do_undo() override { repo.modify(to_modify); }
call    0 returned 4
        -:   55:};
