        -:    0:Source:/home/mury/Oop/Lab10/QtTest/contract.cpp
        -:    1:#include "contract.h"
        -:    2:#include <algorithm>
        -:    3:#include <chrono>
        -:    4:#include <random>
        -:    5:
function _ZN8contract15add_to_contractERK10disciplina called 12 returned 100% blocks executed 100%
       12:    6:void contract::add_to_contract(const disciplina &x) { c_list.push_back(x); }
call    0 returned 12
        -:    7:
function _ZN8contract10delete_allEv called 8 returned 100% blocks executed 100%
        8:    8:void contract::delete_all() { c_list.clear(); }
call    0 returned 8
        -:    9:
function _ZN8contract7get_allEv called 25 returned 100% blocks executed 100%
       25:   10:const std::vector<disciplina> &contract::get_all() { return c_list; }
        -:   11:
function _ZN8contract21addrandom_to_contractESt6vectorI10disciplinaSaIS1_EEm called 4 returned 100% blocks executed 88%
        4:   12:void contract::addrandom_to_contract(std::vector<disciplina> list,
        -:   13:                                     long unsigned int nr) {
        4:   14:  c_list.clear();
call    0 returned 4
        4:   15:  std::shuffle(list.begin(), list.end(),
call    0 returned 4
call    1 returned 4
call    2 returned 4
branch  3 taken 4 (fallthrough)
branch  4 taken 0 (throw)
        8:   16:               std::default_random_engine(std::random_device{}()));
call    0 returned 4
call    1 returned 4
branch  2 taken 4 (fallthrough)
branch  3 taken 0 (throw)
call    4 returned 4
branch  5 taken 4 (fallthrough)
branch  6 taken 0 (throw)
call    7 returned 4
call    8 never executed
        8:   17:  while (c_list.size() < nr && list.size() > 0) {
call    0 returned 8
branch  1 taken 4 (fallthrough)
branch  2 taken 4
call    3 returned 4
branch  4 taken 4 (fallthrough)
branch  5 taken 0
branch  6 taken 4
branch  7 taken 4 (fallthrough)
        4:   18:    c_list.push_back(list.back());
call    0 returned 4
call    1 returned 4
        4:   19:    list.pop_back();
call    0 returned 4
        -:   20:  }
        4:   21:}
