        -:    0:Source:/home/mury/Oop/Lab10/QtTest/teste.cpp
        -:    1:#include "teste.h"
        -:    2:#include "disciplina.h"
        -:    3:#include "my_vector.h"
        -:    4:#include "raport.h"
        -:    5:#include "services.h"
        -:    6:#include <assert.h> // NOLINT
        -:    7:#include <fstream>
        -:    8:#include <sstream> // NOLINT
        -:    9:#include <string>
        -:   10:#include <utility> // NOLINT
        -:   11:
function _Z8test_addv called 4 returned 100% blocks executed 55%
        4:   12:void test_add() {
        -:   13:
        4:   14:  repository repo;
call    0 returned 4
        -:   15:  validator val;
        4:   16:  services serv{repo, val};
call    0 returned 4
        -:   17:
        4:   18:  serv.add("a", "1", "b", "c");
call    0 returned 4
call    1 returned 4
branch  2 taken 4 (fallthrough)
branch  3 taken 0 (throw)
call    4 returned 4
call    5 returned 4
branch  6 taken 4 (fallthrough)
branch  7 taken 0 (throw)
call    8 returned 4
call    9 returned 4
branch 10 taken 4 (fallthrough)
branch 11 taken 0 (throw)
call   12 returned 4
call   13 returned 4
branch 14 taken 4 (fallthrough)
branch 15 taken 0 (throw)
call   16 returned 4
branch 17 taken 4 (fallthrough)
branch 18 taken 0 (throw)
call   19 returned 4
call   20 returned 4
call   21 returned 4
call   22 returned 4
call   23 returned 4
call   24 returned 4
call   25 returned 4
call   26 returned 4
call   27 never executed
call   28 never executed
call   29 never executed
call   30 never executed
call   31 never executed
call   32 never executed
call   33 never executed
call   34 never executed
       4*:   19:  assert(repo.get_all().size() == 1);
call    0 returned 4
call    1 returned 4
branch  2 taken 0 (fallthrough)
branch  3 taken 4
call    4 never executed
        4:   20:  serv.add("x", "1", "b", "c");
call    0 returned 4
call    1 returned 4
branch  2 taken 4 (fallthrough)
branch  3 taken 0 (throw)
call    4 returned 4
call    5 returned 4
branch  6 taken 4 (fallthrough)
branch  7 taken 0 (throw)
call    8 returned 4
call    9 returned 4
branch 10 taken 4 (fallthrough)
branch 11 taken 0 (throw)
call   12 returned 4
call   13 returned 4
branch 14 taken 4 (fallthrough)
branch 15 taken 0 (throw)
call   16 returned 4
branch 17 taken 4 (fallthrough)
branch 18 taken 0 (throw)
call   19 returned 4
call   20 returned 4
call   21 returned 4
call   22 returned 4
call   23 returned 4
call   24 returned 4
call   25 returned 4
call   26 returned 4
call   27 never executed
call   28 never executed
call   29 never executed
call   30 never executed
call   31 never executed
call   32 never executed
call   33 never executed
call   34 never executed
       4*:   21:  assert(repo.get_all().size() == 2);
call    0 returned 4
call    1 returned 4
branch  2 taken 0 (fallthrough)
branch  3 taken 4
call    4 never executed
        -:   22:
        -:   23:  try {
      36*:   24:    serv.add("x", "1", "b", "c");assert(false);
call    0 returned 4
call    1 returned 4
branch  2 taken 4 (fallthrough)
branch  3 taken 0 (throw)
call    4 returned 4
call    5 returned 4
branch  6 taken 4 (fallthrough)
branch  7 taken 0 (throw)
call    8 returned 4
call    9 returned 4
branch 10 taken 4 (fallthrough)
branch 11 taken 0 (throw)
call   12 returned 4
call   13 returned 4
branch 14 taken 4 (fallthrough)
branch 15 taken 0 (throw)
call   16 returned 4
branch 17 taken 0 (fallthrough)
branch 18 taken 4 (throw)
call   19 never executed
call   20 never executed
call   21 never executed
call   22 never executed
call   23 never executed
call   24 never executed
call   25 never executed
call   26 never executed
call   27 never executed
call   28 returned 4
call   29 returned 4
call   30 returned 4
call   31 returned 4
call   32 returned 4
call   33 returned 4
call   34 returned 4
call   35 returned 4
        4:   25:  } catch (const repoException &ex) {
branch  0 taken 0 (fallthrough)
branch  1 taken 4
call    2 returned 4
        4:   26:    std::stringstream os;
call    0 returned 4
branch  1 taken 4 (fallthrough)
branch  2 taken 0 (throw)
        4:   27:    os << ex;
call    0 returned 4
branch  1 taken 4 (fallthrough)
branch  2 taken 0 (throw)
        4:   28:  }
call    0 returned 4
call    1 returned 4
branch  2 taken 4 (fallthrough)
branch  3 taken 0 (throw)
call    4 never executed
call    5 never executed
        4:   29:}
call    0 returned 4
call    1 returned 4
call    2 never executed
call    3 never executed
function _Z11test_removev called 4 returned 100% blocks executed 44%
        4:   30:void test_remove() {
        -:   31:
        4:   32:  repository repo;
call    0 returned 4
        -:   33:  validator val;
        4:   34:  services serv{repo, val};
call    0 returned 4
        -:   35:
        4:   36:  serv.add("a", "1", "b", "c");
call    0 returned 4
call    1 returned 4
branch  2 taken 4 (fallthrough)
branch  3 taken 0 (throw)
call    4 returned 4
call    5 returned 4
branch  6 taken 4 (fallthrough)
branch  7 taken 0 (throw)
call    8 returned 4
call    9 returned 4
branch 10 taken 4 (fallthrough)
branch 11 taken 0 (throw)
call   12 returned 4
call   13 returned 4
branch 14 taken 4 (fallthrough)
branch 15 taken 0 (throw)
call   16 returned 4
branch 17 taken 4 (fallthrough)
branch 18 taken 0 (throw)
call   19 returned 4
call   20 returned 4
call   21 returned 4
call   22 returned 4
call   23 returned 4
call   24 returned 4
call   25 returned 4
call   26 returned 4
call   27 never executed
call   28 never executed
call   29 never executed
call   30 never executed
call   31 never executed
call   32 never executed
call   33 never executed
call   34 never executed
       4*:   37:  assert(repo.get_all().size() == 1);
call    0 returned 4
call    1 returned 4
branch  2 taken 0 (fallthrough)
branch  3 taken 4
call    4 never executed
        -:   38:
        4:   39:  serv.remove("a", "1", "b", "c");
call    0 returned 4
call    1 returned 4
branch  2 taken 4 (fallthrough)
branch  3 taken 0 (throw)
call    4 returned 4
call    5 returned 4
branch  6 taken 4 (fallthrough)
branch  7 taken 0 (throw)
call    8 returned 4
call    9 returned 4
branch 10 taken 4 (fallthrough)
branch 11 taken 0 (throw)
call   12 returned 4
call   13 returned 4
branch 14 taken 4 (fallthrough)
branch 15 taken 0 (throw)
call   16 returned 4
branch 17 taken 4 (fallthrough)
branch 18 taken 0 (throw)
call   19 returned 4
call   20 returned 4
call   21 returned 4
call   22 returned 4
call   23 returned 4
call   24 returned 4
call   25 returned 4
call   26 returned 4
call   27 never executed
call   28 never executed
call   29 never executed
call   30 never executed
call   31 never executed
call   32 never executed
call   33 never executed
call   34 never executed
       4*:   40:  assert(repo.get_all().size() == 0);
call    0 returned 4
call    1 returned 4
branch  2 taken 0 (fallthrough)
branch  3 taken 4
call    4 never executed
        -:   41:
        4:   42:  serv.add("a", "1", "b", "c");
call    0 returned 4
call    1 returned 4
branch  2 taken 4 (fallthrough)
branch  3 taken 0 (throw)
call    4 returned 4
call    5 returned 4
branch  6 taken 4 (fallthrough)
branch  7 taken 0 (throw)
call    8 returned 4
call    9 returned 4
branch 10 taken 4 (fallthrough)
branch 11 taken 0 (throw)
call   12 returned 4
call   13 returned 4
branch 14 taken 4 (fallthrough)
branch 15 taken 0 (throw)
call   16 returned 4
branch 17 taken 4 (fallthrough)
branch 18 taken 0 (throw)
call   19 returned 4
call   20 returned 4
call   21 returned 4
call   22 returned 4
call   23 returned 4
call   24 returned 4
call   25 returned 4
call   26 returned 4
call   27 never executed
call   28 never executed
call   29 never executed
call   30 never executed
call   31 never executed
call   32 never executed
call   33 never executed
call   34 never executed
        4:   43:  serv.add("b", "1", "b", "c");
call    0 returned 4
call    1 returned 4
branch  2 taken 4 (fallthrough)
branch  3 taken 0 (throw)
call    4 returned 4
call    5 returned 4
branch  6 taken 4 (fallthrough)
branch  7 taken 0 (throw)
call    8 returned 4
call    9 returned 4
branch 10 taken 4 (fallthrough)
branch 11 taken 0 (throw)
call   12 returned 4
call   13 returned 4
branch 14 taken 4 (fallthrough)
branch 15 taken 0 (throw)
call   16 returned 4
branch 17 taken 4 (fallthrough)
branch 18 taken 0 (throw)
call   19 returned 4
call   20 returned 4
call   21 returned 4
call   22 returned 4
call   23 returned 4
call   24 returned 4
call   25 returned 4
call   26 returned 4
call   27 never executed
call   28 never executed
call   29 never executed
call   30 never executed
call   31 never executed
call   32 never executed
call   33 never executed
call   34 never executed
        4:   44:  serv.add("c", "1", "b", "c");
call    0 returned 4
call    1 returned 4
branch  2 taken 4 (fallthrough)
branch  3 taken 0 (throw)
call    4 returned 4
call    5 returned 4
branch  6 taken 4 (fallthrough)
branch  7 taken 0 (throw)
call    8 returned 4
call    9 returned 4
branch 10 taken 4 (fallthrough)
branch 11 taken 0 (throw)
call   12 returned 4
call   13 returned 4
branch 14 taken 4 (fallthrough)
branch 15 taken 0 (throw)
call   16 returned 4
branch 17 taken 4 (fallthrough)
branch 18 taken 0 (throw)
call   19 returned 4
call   20 returned 4
call   21 returned 4
call   22 returned 4
call   23 returned 4
call   24 returned 4
call   25 returned 4
call   26 returned 4
call   27 never executed
call   28 never executed
call   29 never executed
call   30 never executed
call   31 never executed
call   32 never executed
call   33 never executed
call   34 never executed
        4:   45:  serv.add("d", "1", "b", "c");
call    0 returned 4
call    1 returned 4
branch  2 taken 4 (fallthrough)
branch  3 taken 0 (throw)
call    4 returned 4
call    5 returned 4
branch  6 taken 4 (fallthrough)
branch  7 taken 0 (throw)
call    8 returned 4
call    9 returned 4
branch 10 taken 4 (fallthrough)
branch 11 taken 0 (throw)
call   12 returned 4
call   13 returned 4
branch 14 taken 4 (fallthrough)
branch 15 taken 0 (throw)
call   16 returned 4
branch 17 taken 4 (fallthrough)
branch 18 taken 0 (throw)
call   19 returned 4
call   20 returned 4
call   21 returned 4
call   22 returned 4
call   23 returned 4
call   24 returned 4
call   25 returned 4
call   26 returned 4
call   27 never executed
call   28 never executed
call   29 never executed
call   30 never executed
call   31 never executed
call   32 never executed
call   33 never executed
call   34 never executed
        -:   46:
        4:   47:  serv.remove("a", "1", "b", "c");
call    0 returned 4
call    1 returned 4
branch  2 taken 4 (fallthrough)
branch  3 taken 0 (throw)
call    4 returned 4
call    5 returned 4
branch  6 taken 4 (fallthrough)
branch  7 taken 0 (throw)
call    8 returned 4
call    9 returned 4
branch 10 taken 4 (fallthrough)
branch 11 taken 0 (throw)
call   12 returned 4
call   13 returned 4
branch 14 taken 4 (fallthrough)
branch 15 taken 0 (throw)
call   16 returned 4
branch 17 taken 4 (fallthrough)
branch 18 taken 0 (throw)
call   19 returned 4
call   20 returned 4
call   21 returned 4
call   22 returned 4
call   23 returned 4
call   24 returned 4
call   25 returned 4
call   26 returned 4
call   27 never executed
call   28 never executed
call   29 never executed
call   30 never executed
call   31 never executed
call   32 never executed
call   33 never executed
call   34 never executed
       4*:   48:  assert(repo.get_all().size() == 3);
call    0 returned 4
call    1 returned 4
branch  2 taken 0 (fallthrough)
branch  3 taken 4
call    4 never executed
        -:   49:
        -:   50:  try {
        8:   51:    disciplina x{"x", 1, "b", "c"};
call    0 returned 4
call    1 returned 4
branch  2 taken 4 (fallthrough)
branch  3 taken 0 (throw)
call    4 returned 4
call    5 returned 4
branch  6 taken 4 (fallthrough)
branch  7 taken 0 (throw)
call    8 returned 4
call    9 returned 4
branch 10 taken 4 (fallthrough)
branch 11 taken 0 (throw)
call   12 returned 4
branch 13 taken 4 (fallthrough)
branch 14 taken 0 (throw)
call   15 returned 4
call   16 returned 4
call   17 returned 4
call   18 returned 4
call   19 returned 4
       4*:   52:    repo.remove(x);assert(false);
call    0 returned 4
branch  1 taken 0 (fallthrough)
branch  2 taken 4 (throw)
call    3 never executed
        8:   53:  } catch (const repoException &ex) {
call    0 returned 4
branch  1 taken 0 (fallthrough)
branch  2 taken 4
call    3 returned 4
        4:   54:    std::stringstream os;
call    0 returned 4
branch  1 taken 4 (fallthrough)
branch  2 taken 0 (throw)
        4:   55:    os << ex;
call    0 returned 4
branch  1 taken 4 (fallthrough)
branch  2 taken 0 (throw)
        4:   56:    assert(os.str().find("Nu exista disciplina: x") >= 0);
call    0 returned 4
branch  1 taken 4 (fallthrough)
branch  2 taken 0 (throw)
call    3 returned 4
call    4 returned 4
        4:   57:  }
call    0 returned 4
call    1 returned 4
branch  2 taken 4 (fallthrough)
branch  3 taken 0 (throw)
call    4 never executed
call    5 never executed
        4:   58:}
call    0 returned 4
call    1 returned 4
call    2 never executed
call    3 never executed
        -:   59:
function _Z11test_modifyv called 4 returned 100% blocks executed 49%
        4:   60:void test_modify() {
        -:   61:
        4:   62:  repository repo;
call    0 returned 4
        -:   63:  validator val;
        4:   64:  services serv{repo, val};
call    0 returned 4
        -:   65:
        4:   66:  serv.add("a", "1", "b", "c");
call    0 returned 4
call    1 returned 4
branch  2 taken 4 (fallthrough)
branch  3 taken 0 (throw)
call    4 returned 4
call    5 returned 4
branch  6 taken 4 (fallthrough)
branch  7 taken 0 (throw)
call    8 returned 4
call    9 returned 4
branch 10 taken 4 (fallthrough)
branch 11 taken 0 (throw)
call   12 returned 4
call   13 returned 4
branch 14 taken 4 (fallthrough)
branch 15 taken 0 (throw)
call   16 returned 4
branch 17 taken 4 (fallthrough)
branch 18 taken 0 (throw)
call   19 returned 4
call   20 returned 4
call   21 returned 4
call   22 returned 4
call   23 returned 4
call   24 returned 4
call   25 returned 4
call   26 returned 4
call   27 never executed
call   28 never executed
call   29 never executed
call   30 never executed
call   31 never executed
call   32 never executed
call   33 never executed
call   34 never executed
       4*:   67:  assert(serv.get_all().size() == 1);
call    0 returned 4
call    1 returned 4
branch  2 taken 0 (fallthrough)
branch  3 taken 4
call    4 never executed
        4:   68:  serv.modify("a", "2", "c", "d");
call    0 returned 4
call    1 returned 4
branch  2 taken 4 (fallthrough)
branch  3 taken 0 (throw)
call    4 returned 4
call    5 returned 4
branch  6 taken 4 (fallthrough)
branch  7 taken 0 (throw)
call    8 returned 4
call    9 returned 4
branch 10 taken 4 (fallthrough)
branch 11 taken 0 (throw)
call   12 returned 4
call   13 returned 4
branch 14 taken 4 (fallthrough)
branch 15 taken 0 (throw)
call   16 returned 4
branch 17 taken 4 (fallthrough)
branch 18 taken 0 (throw)
call   19 returned 4
call   20 returned 4
call   21 returned 4
call   22 returned 4
call   23 returned 4
call   24 returned 4
call   25 returned 4
call   26 returned 4
call   27 never executed
call   28 never executed
call   29 never executed
call   30 never executed
call   31 never executed
call   32 never executed
call   33 never executed
call   34 never executed
        8:   69:  disciplina x = serv.find("a", "2", "c", "d");
call    0 returned 4
call    1 returned 4
branch  2 taken 4 (fallthrough)
branch  3 taken 0 (throw)
call    4 returned 4
call    5 returned 4
branch  6 taken 4 (fallthrough)
branch  7 taken 0 (throw)
call    8 returned 4
call    9 returned 4
branch 10 taken 4 (fallthrough)
branch 11 taken 0 (throw)
call   12 returned 4
call   13 returned 4
branch 14 taken 4 (fallthrough)
branch 15 taken 0 (throw)
call   16 returned 4
branch 17 taken 4 (fallthrough)
branch 18 taken 0 (throw)
call   19 returned 4
branch 20 taken 4 (fallthrough)
branch 21 taken 0 (throw)
call   22 returned 4
call   23 returned 4
call   24 returned 4
call   25 returned 4
call   26 returned 4
call   27 returned 4
call   28 returned 4
       4*:   70:  assert(x.get_denumire() == "a");
call    0 returned 4
call    1 returned 4
branch  2 taken 0 (fallthrough)
branch  3 taken 4
call    4 never executed
call    5 returned 4
       4*:   71:  assert(x.get_ore() == 2);
call    0 returned 4
branch  1 taken 0 (fallthrough)
branch  2 taken 4
call    3 never executed
       4*:   72:  assert(x.get_tip() == "c");
call    0 returned 4
call    1 returned 4
branch  2 taken 0 (fallthrough)
branch  3 taken 4
call    4 never executed
call    5 returned 4
       4*:   73:  assert(x.get_profesor() == "d");
call    0 returned 4
call    1 returned 4
branch  2 taken 0 (fallthrough)
branch  3 taken 4
call    4 never executed
call    5 returned 4
        -:   74:
        4:   75:  x.set_disciplina("x");
call    0 returned 4
call    1 returned 4
branch  2 taken 4 (fallthrough)
branch  3 taken 0 (throw)
call    4 returned 4
call    5 returned 4
call    6 returned 4
call    7 never executed
        4:   76:  x.set_tip("x");
call    0 returned 4
call    1 returned 4
branch  2 taken 4 (fallthrough)
branch  3 taken 0 (throw)
call    4 returned 4
call    5 returned 4
call    6 returned 4
call    7 never executed
        4:   77:  x.set_profesor("x");
call    0 returned 4
call    1 returned 4
branch  2 taken 4 (fallthrough)
branch  3 taken 0 (throw)
call    4 returned 4
call    5 returned 4
call    6 returned 4
call    7 never executed
        4:   78:  x.set_ore(1);
call    0 returned 4
        -:   79:
        8:   80:  disciplina y{"a", 1, "b", "c"};
call    0 returned 4
call    1 returned 4
branch  2 taken 4 (fallthrough)
branch  3 taken 0 (throw)
call    4 returned 4
call    5 returned 4
branch  6 taken 4 (fallthrough)
branch  7 taken 0 (throw)
call    8 returned 4
call    9 returned 4
branch 10 taken 4 (fallthrough)
branch 11 taken 0 (throw)
call   12 returned 4
branch 13 taken 4 (fallthrough)
branch 14 taken 0 (throw)
call   15 returned 4
call   16 returned 4
call   17 returned 4
call   18 returned 4
call   19 returned 4
        8:   81:  disciplina z{"b", 1, "b", "c"};
call    0 returned 4
call    1 returned 4
branch  2 taken 4 (fallthrough)
branch  3 taken 0 (throw)
call    4 returned 4
call    5 returned 4
branch  6 taken 4 (fallthrough)
branch  7 taken 0 (throw)
call    8 returned 4
call    9 returned 4
branch 10 taken 4 (fallthrough)
branch 11 taken 0 (throw)
call   12 returned 4
branch 13 taken 4 (fallthrough)
branch 14 taken 0 (throw)
call   15 returned 4
call   16 returned 4
call   17 returned 4
call   18 returned 4
call   19 returned 4
        4:   82:  z = std::move(y);
call    0 returned 4
call    1 returned 4
        4:   83:  y = z;
call    0 returned 4
branch  1 taken 4 (fallthrough)
branch  2 taken 0 (throw)
        -:   84:
       4*:   85:  assert(x.get_denumire() == "x");
call    0 returned 4
call    1 returned 4
branch  2 taken 0 (fallthrough)
branch  3 taken 4
call    4 never executed
call    5 returned 4
       4*:   86:  assert(x.get_ore() == 1);
call    0 returned 4
branch  1 taken 0 (fallthrough)
branch  2 taken 4
call    3 never executed
       4*:   87:  assert(x.get_tip() == "x");
call    0 returned 4
call    1 returned 4
branch  2 taken 0 (fallthrough)
branch  3 taken 4
call    4 never executed
call    5 returned 4
       4*:   88:  assert(x.get_profesor() == "x");
call    0 returned 4
call    1 returned 4
branch  2 taken 0 (fallthrough)
branch  3 taken 4
call    4 never executed
call    5 returned 4
        -:   89:
        -:   90:  try {
        8:   91:    disciplina x{"b", 2, "c", "d"};
call    0 returned 4
call    1 returned 4
branch  2 taken 4 (fallthrough)
branch  3 taken 0 (throw)
call    4 returned 4
call    5 returned 4
branch  6 taken 4 (fallthrough)
branch  7 taken 0 (throw)
call    8 returned 4
call    9 returned 4
branch 10 taken 4 (fallthrough)
branch 11 taken 0 (throw)
call   12 returned 4
branch 13 taken 4 (fallthrough)
branch 14 taken 0 (throw)
call   15 returned 4
call   16 returned 4
call   17 returned 4
call   18 returned 4
call   19 returned 4
       4*:   92:    repo.modify(x);assert(false);
call    0 returned 4
branch  1 taken 0 (fallthrough)
branch  2 taken 4 (throw)
call    3 never executed
        8:   93:  } catch (const repoException &ex) {
call    0 returned 4
branch  1 taken 0 (fallthrough)
branch  2 taken 4
call    3 returned 4
        4:   94:    std::stringstream os;
call    0 returned 4
branch  1 taken 4 (fallthrough)
branch  2 taken 0 (throw)
        4:   95:    os << ex;
call    0 returned 4
branch  1 taken 4 (fallthrough)
branch  2 taken 0 (throw)
        4:   96:    assert(os.str().find("Nu exista disciplina: b") >= 0);
call    0 returned 4
branch  1 taken 4 (fallthrough)
branch  2 taken 0 (throw)
call    3 returned 4
call    4 returned 4
        4:   97:  }
call    0 returned 4
call    1 returned 4
branch  2 taken 4 (fallthrough)
branch  3 taken 0 (throw)
call    4 never executed
call    5 never executed
        4:   98:}
call    0 returned 4
call    1 returned 4
call    2 returned 4
call    3 returned 4
call    4 returned 4
call    5 never executed
call    6 never executed
call    7 never executed
call    8 never executed
call    9 never executed
        -:   99:
function _Z11test_filterv called 4 returned 100% blocks executed 45%
        4:  100:void test_filter() {
        -:  101:
        4:  102:  repository repo;
call    0 returned 4
        -:  103:  validator val;
        4:  104:  services serv{repo, val};
call    0 returned 4
        -:  105:
        4:  106:  serv.add("a", "1", "b", "p1");
call    0 returned 4
call    1 returned 4
branch  2 taken 4 (fallthrough)
branch  3 taken 0 (throw)
call    4 returned 4
call    5 returned 4
branch  6 taken 4 (fallthrough)
branch  7 taken 0 (throw)
call    8 returned 4
call    9 returned 4
branch 10 taken 4 (fallthrough)
branch 11 taken 0 (throw)
call   12 returned 4
call   13 returned 4
branch 14 taken 4 (fallthrough)
branch 15 taken 0 (throw)
call   16 returned 4
branch 17 taken 4 (fallthrough)
branch 18 taken 0 (throw)
call   19 returned 4
call   20 returned 4
call   21 returned 4
call   22 returned 4
call   23 returned 4
call   24 returned 4
call   25 returned 4
call   26 returned 4
call   27 never executed
call   28 never executed
call   29 never executed
call   30 never executed
call   31 never executed
call   32 never executed
call   33 never executed
call   34 never executed
        4:  107:  serv.add("b", "10", "b", "p2");
call    0 returned 4
call    1 returned 4
branch  2 taken 4 (fallthrough)
branch  3 taken 0 (throw)
call    4 returned 4
call    5 returned 4
branch  6 taken 4 (fallthrough)
branch  7 taken 0 (throw)
call    8 returned 4
call    9 returned 4
branch 10 taken 4 (fallthrough)
branch 11 taken 0 (throw)
call   12 returned 4
call   13 returned 4
branch 14 taken 4 (fallthrough)
branch 15 taken 0 (throw)
call   16 returned 4
branch 17 taken 4 (fallthrough)
branch 18 taken 0 (throw)
call   19 returned 4
call   20 returned 4
call   21 returned 4
call   22 returned 4
call   23 returned 4
call   24 returned 4
call   25 returned 4
call   26 returned 4
call   27 never executed
call   28 never executed
call   29 never executed
call   30 never executed
call   31 never executed
call   32 never executed
call   33 never executed
call   34 never executed
        4:  108:  serv.add("c", "20", "b", "p1");
call    0 returned 4
call    1 returned 4
branch  2 taken 4 (fallthrough)
branch  3 taken 0 (throw)
call    4 returned 4
call    5 returned 4
branch  6 taken 4 (fallthrough)
branch  7 taken 0 (throw)
call    8 returned 4
call    9 returned 4
branch 10 taken 4 (fallthrough)
branch 11 taken 0 (throw)
call   12 returned 4
call   13 returned 4
branch 14 taken 4 (fallthrough)
branch 15 taken 0 (throw)
call   16 returned 4
branch 17 taken 4 (fallthrough)
branch 18 taken 0 (throw)
call   19 returned 4
call   20 returned 4
call   21 returned 4
call   22 returned 4
call   23 returned 4
call   24 returned 4
call   25 returned 4
call   26 returned 4
call   27 never executed
call   28 never executed
call   29 never executed
call   30 never executed
call   31 never executed
call   32 never executed
call   33 never executed
call   34 never executed
        -:  109:
       4*:  110:  assert(serv.filter_ore_up("5").size() == 2);
call    0 returned 4
call    1 returned 4
branch  2 taken 4 (fallthrough)
branch  3 taken 0 (throw)
call    4 returned 4
branch  5 taken 4 (fallthrough)
branch  6 taken 0 (throw)
call    7 returned 4
branch  8 taken 0 (fallthrough)
branch  9 taken 4
call   10 never executed
call   11 returned 4
call   12 returned 4
call   13 returned 4
call   14 never executed
call   15 never executed
       4*:  111:  assert(serv.filter_profesor("p1").size() == 2);
call    0 returned 4
call    1 returned 4
branch  2 taken 4 (fallthrough)
branch  3 taken 0 (throw)
call    4 returned 4
branch  5 taken 4 (fallthrough)
branch  6 taken 0 (throw)
call    7 returned 4
branch  8 taken 0 (fallthrough)
branch  9 taken 4
call   10 never executed
call   11 returned 4
call   12 returned 4
call   13 returned 4
call   14 never executed
call   15 never executed
        4:  112:}
call    0 returned 4
call    1 returned 4
call    2 never executed
call    3 never executed
        -:  113:
function _Z9test_sortv called 4 returned 100% blocks executed 50%
        4:  114:void test_sort() {
        -:  115:
        4:  116:  repository repo;
call    0 returned 4
        -:  117:  validator val;
        4:  118:  services serv{repo, val};
call    0 returned 4
        -:  119:
        4:  120:  serv.add("x", "10", "b", "p1");
call    0 returned 4
call    1 returned 4
branch  2 taken 4 (fallthrough)
branch  3 taken 0 (throw)
call    4 returned 4
call    5 returned 4
branch  6 taken 4 (fallthrough)
branch  7 taken 0 (throw)
call    8 returned 4
call    9 returned 4
branch 10 taken 4 (fallthrough)
branch 11 taken 0 (throw)
call   12 returned 4
call   13 returned 4
branch 14 taken 4 (fallthrough)
branch 15 taken 0 (throw)
call   16 returned 4
branch 17 taken 4 (fallthrough)
branch 18 taken 0 (throw)
call   19 returned 4
call   20 returned 4
call   21 returned 4
call   22 returned 4
call   23 returned 4
call   24 returned 4
call   25 returned 4
call   26 returned 4
call   27 never executed
call   28 never executed
call   29 never executed
call   30 never executed
call   31 never executed
call   32 never executed
call   33 never executed
call   34 never executed
        4:  121:  serv.add("y", "1", "b", "p2");
call    0 returned 4
call    1 returned 4
branch  2 taken 4 (fallthrough)
branch  3 taken 0 (throw)
call    4 returned 4
call    5 returned 4
branch  6 taken 4 (fallthrough)
branch  7 taken 0 (throw)
call    8 returned 4
call    9 returned 4
branch 10 taken 4 (fallthrough)
branch 11 taken 0 (throw)
call   12 returned 4
call   13 returned 4
branch 14 taken 4 (fallthrough)
branch 15 taken 0 (throw)
call   16 returned 4
branch 17 taken 4 (fallthrough)
branch 18 taken 0 (throw)
call   19 returned 4
call   20 returned 4
call   21 returned 4
call   22 returned 4
call   23 returned 4
call   24 returned 4
call   25 returned 4
call   26 returned 4
call   27 never executed
call   28 never executed
call   29 never executed
call   30 never executed
call   31 never executed
call   32 never executed
call   33 never executed
call   34 never executed
        4:  122:  serv.add("a", "20", "c", "p1");
call    0 returned 4
call    1 returned 4
branch  2 taken 4 (fallthrough)
branch  3 taken 0 (throw)
call    4 returned 4
call    5 returned 4
branch  6 taken 4 (fallthrough)
branch  7 taken 0 (throw)
call    8 returned 4
call    9 returned 4
branch 10 taken 4 (fallthrough)
branch 11 taken 0 (throw)
call   12 returned 4
call   13 returned 4
branch 14 taken 4 (fallthrough)
branch 15 taken 0 (throw)
call   16 returned 4
branch 17 taken 4 (fallthrough)
branch 18 taken 0 (throw)
call   19 returned 4
call   20 returned 4
call   21 returned 4
call   22 returned 4
call   23 returned 4
call   24 returned 4
call   25 returned 4
call   26 returned 4
call   27 never executed
call   28 never executed
call   29 never executed
call   30 never executed
call   31 never executed
call   32 never executed
call   33 never executed
call   34 never executed
        -:  123:
       4*:  124:  assert(serv.sort_denumire()[0].get_denumire() == "a");
call    0 returned 4
branch  1 taken 4 (fallthrough)
branch  2 taken 0 (throw)
call    3 returned 4
call    4 returned 4
call    5 returned 4
branch  6 taken 0 (fallthrough)
branch  7 taken 4
call    8 never executed
call    9 returned 4
call   10 returned 4
       4*:  125:  assert(serv.sort_ore()[0].get_denumire() == "y");
call    0 returned 4
branch  1 taken 4 (fallthrough)
branch  2 taken 0 (throw)
call    3 returned 4
call    4 returned 4
call    5 returned 4
branch  6 taken 0 (fallthrough)
branch  7 taken 4
call    8 never executed
call    9 returned 4
call   10 returned 4
       4*:  126:  assert(serv.sort_mix()[0].get_denumire() == "x");
call    0 returned 4
branch  1 taken 4 (fallthrough)
branch  2 taken 0 (throw)
call    3 returned 4
call    4 returned 4
call    5 returned 4
branch  6 taken 0 (fallthrough)
branch  7 taken 4
call    8 never executed
call    9 returned 4
call   10 returned 4
        4:  127:}
call    0 returned 4
call    1 returned 4
call    2 never executed
call    3 never executed
function _Z13test_validatev called 4 returned 100% blocks executed 61%
        4:  128:void test_validate() {
        -:  129:
        -:  130:  validator val;
        -:  131:  try {
        4:  132:    val.validate(".", "1", ".", ".");
call    0 returned 4
call    1 returned 4
branch  2 taken 4 (fallthrough)
branch  3 taken 0 (throw)
call    4 returned 4
call    5 returned 4
branch  6 taken 4 (fallthrough)
branch  7 taken 0 (throw)
call    8 returned 4
call    9 returned 4
branch 10 taken 4 (fallthrough)
branch 11 taken 0 (throw)
call   12 returned 4
call   13 returned 4
branch 14 taken 4 (fallthrough)
branch 15 taken 0 (throw)
call   16 returned 4
branch 17 taken 4 (fallthrough)
branch 18 taken 0 (throw)
call   19 returned 4
call   20 returned 4
call   21 returned 4
call   22 returned 4
call   23 returned 4
call   24 returned 4
call   25 returned 4
call   26 returned 4
call   27 never executed
call   28 never executed
call   29 never executed
call   30 never executed
call   31 never executed
call   32 never executed
call   33 never executed
call   34 never executed
        -:  133:    assert(true);
      36*:  134:    val.validate("", "abcd", "", "");assert(false);
call    0 returned 4
call    1 returned 4
branch  2 taken 4 (fallthrough)
branch  3 taken 0 (throw)
call    4 returned 4
call    5 returned 4
branch  6 taken 4 (fallthrough)
branch  7 taken 0 (throw)
call    8 returned 4
call    9 returned 4
branch 10 taken 4 (fallthrough)
branch 11 taken 0 (throw)
call   12 returned 4
call   13 returned 4
branch 14 taken 4 (fallthrough)
branch 15 taken 0 (throw)
call   16 returned 4
branch 17 taken 0 (fallthrough)
branch 18 taken 4 (throw)
call   19 never executed
call   20 never executed
call   21 never executed
call   22 never executed
call   23 never executed
call   24 never executed
call   25 never executed
call   26 never executed
call   27 never executed
call   28 returned 4
call   29 returned 4
call   30 returned 4
call   31 returned 4
call   32 returned 4
call   33 returned 4
call   34 returned 4
call   35 returned 4
        4:  135:  } catch (const validateException &ex) {
branch  0 taken 0 (fallthrough)
branch  1 taken 4
call    2 returned 4
        4:  136:    std::stringstream os;
call    0 returned 4
branch  1 taken 4 (fallthrough)
branch  2 taken 0 (throw)
        4:  137:    os << ex;
call    0 returned 4
branch  1 taken 4 (fallthrough)
branch  2 taken 0 (throw)
        4:  138:    auto mesaj = os.str();
call    0 returned 4
branch  1 taken 4 (fallthrough)
branch  2 taken 0 (throw)
        4:  139:    assert(mesaj.find("invalid") >= 0);
call    0 returned 4
        4:  140:    assert(mesaj.find("vid") >= 0);
call    0 returned 4
        4:  141:  }
call    0 returned 4
call    1 returned 4
call    2 returned 4
branch  3 taken 4 (fallthrough)
branch  4 taken 0 (throw)
call    5 never executed
call    6 never executed
        4:  142:}
        -:  143:/*void test_vector() {
        -:  144:  vector_dinamic<int> x;
        -:  145:  assert(x.size() == 0);
        -:  146:  x.remove(2);
        -:  147:  assert(x.size() == 0);
        -:  148:}*/
        -:  149:
function _Z13test_contractv called 4 returned 100% blocks executed 48%
        4:  150:void test_contract() {
        4:  151:  repository repo;
call    0 returned 4
        -:  152:  validator val;
        4:  153:  services serv{repo, val};
call    0 returned 4
        -:  154:
        4:  155:  serv.add("x", "10", "b", "p1");
call    0 returned 4
call    1 returned 4
branch  2 taken 4 (fallthrough)
branch  3 taken 0 (throw)
call    4 returned 4
call    5 returned 4
branch  6 taken 4 (fallthrough)
branch  7 taken 0 (throw)
call    8 returned 4
call    9 returned 4
branch 10 taken 4 (fallthrough)
branch 11 taken 0 (throw)
call   12 returned 4
call   13 returned 4
branch 14 taken 4 (fallthrough)
branch 15 taken 0 (throw)
call   16 returned 4
branch 17 taken 4 (fallthrough)
branch 18 taken 0 (throw)
call   19 returned 4
call   20 returned 4
call   21 returned 4
call   22 returned 4
call   23 returned 4
call   24 returned 4
call   25 returned 4
call   26 returned 4
call   27 never executed
call   28 never executed
call   29 never executed
call   30 never executed
call   31 never executed
call   32 never executed
call   33 never executed
call   34 never executed
        4:  156:  serv.add("y", "1", "b", "p2");
call    0 returned 4
call    1 returned 4
branch  2 taken 4 (fallthrough)
branch  3 taken 0 (throw)
call    4 returned 4
call    5 returned 4
branch  6 taken 4 (fallthrough)
branch  7 taken 0 (throw)
call    8 returned 4
call    9 returned 4
branch 10 taken 4 (fallthrough)
branch 11 taken 0 (throw)
call   12 returned 4
call   13 returned 4
branch 14 taken 4 (fallthrough)
branch 15 taken 0 (throw)
call   16 returned 4
branch 17 taken 4 (fallthrough)
branch 18 taken 0 (throw)
call   19 returned 4
call   20 returned 4
call   21 returned 4
call   22 returned 4
call   23 returned 4
call   24 returned 4
call   25 returned 4
call   26 returned 4
call   27 never executed
call   28 never executed
call   29 never executed
call   30 never executed
call   31 never executed
call   32 never executed
call   33 never executed
call   34 never executed
        4:  157:  serv.add("a", "20", "c", "p1");
call    0 returned 4
call    1 returned 4
branch  2 taken 4 (fallthrough)
branch  3 taken 0 (throw)
call    4 returned 4
call    5 returned 4
branch  6 taken 4 (fallthrough)
branch  7 taken 0 (throw)
call    8 returned 4
call    9 returned 4
branch 10 taken 4 (fallthrough)
branch 11 taken 0 (throw)
call   12 returned 4
call   13 returned 4
branch 14 taken 4 (fallthrough)
branch 15 taken 0 (throw)
call   16 returned 4
branch 17 taken 4 (fallthrough)
branch 18 taken 0 (throw)
call   19 returned 4
call   20 returned 4
call   21 returned 4
call   22 returned 4
call   23 returned 4
call   24 returned 4
call   25 returned 4
call   26 returned 4
call   27 never executed
call   28 never executed
call   29 never executed
call   30 never executed
call   31 never executed
call   32 never executed
call   33 never executed
call   34 never executed
        -:  158:
        4:  159:  serv.add_to_contract("x", "1", ".", ".");
call    0 returned 4
call    1 returned 4
branch  2 taken 4 (fallthrough)
branch  3 taken 0 (throw)
call    4 returned 4
call    5 returned 4
branch  6 taken 4 (fallthrough)
branch  7 taken 0 (throw)
call    8 returned 4
call    9 returned 4
branch 10 taken 4 (fallthrough)
branch 11 taken 0 (throw)
call   12 returned 4
call   13 returned 4
branch 14 taken 4 (fallthrough)
branch 15 taken 0 (throw)
call   16 returned 4
branch 17 taken 4 (fallthrough)
branch 18 taken 0 (throw)
call   19 returned 4
call   20 returned 4
call   21 returned 4
call   22 returned 4
call   23 returned 4
call   24 returned 4
call   25 returned 4
call   26 returned 4
call   27 never executed
call   28 never executed
call   29 never executed
call   30 never executed
call   31 never executed
call   32 never executed
call   33 never executed
call   34 never executed
        4:  160:  serv.add_to_contract("a", "1", ".", ".");
call    0 returned 4
call    1 returned 4
branch  2 taken 4 (fallthrough)
branch  3 taken 0 (throw)
call    4 returned 4
call    5 returned 4
branch  6 taken 4 (fallthrough)
branch  7 taken 0 (throw)
call    8 returned 4
call    9 returned 4
branch 10 taken 4 (fallthrough)
branch 11 taken 0 (throw)
call   12 returned 4
call   13 returned 4
branch 14 taken 4 (fallthrough)
branch 15 taken 0 (throw)
call   16 returned 4
branch 17 taken 4 (fallthrough)
branch 18 taken 0 (throw)
call   19 returned 4
call   20 returned 4
call   21 returned 4
call   22 returned 4
call   23 returned 4
call   24 returned 4
call   25 returned 4
call   26 returned 4
call   27 never executed
call   28 never executed
call   29 never executed
call   30 never executed
call   31 never executed
call   32 never executed
call   33 never executed
call   34 never executed
        -:  161:
       4*:  162:  assert(serv.get_all_contract()[0].get_denumire() == "x");
call    0 returned 4
branch  1 taken 4 (fallthrough)
branch  2 taken 0 (throw)
call    3 returned 4
call    4 returned 4
call    5 returned 4
branch  6 taken 0 (fallthrough)
branch  7 taken 4
call    8 never executed
call    9 returned 4
       4*:  163:  assert(serv.get_all_contract()[1].get_denumire() == "a");
call    0 returned 4
branch  1 taken 4 (fallthrough)
branch  2 taken 0 (throw)
call    3 returned 4
call    4 returned 4
call    5 returned 4
branch  6 taken 0 (fallthrough)
branch  7 taken 4
call    8 never executed
call    9 returned 4
        -:  164:
        4:  165:  serv.delete_all_contract();
call    0 returned 4
branch  1 taken 4 (fallthrough)
branch  2 taken 0 (throw)
       4*:  166:  assert(serv.get_all_contract().size() == 0);
call    0 returned 4
branch  1 taken 4 (fallthrough)
branch  2 taken 0 (throw)
call    3 returned 4
branch  4 taken 0 (fallthrough)
branch  5 taken 4
call    6 never executed
        -:  167:
        4:  168:  serv.addrandom_to_contract(1);
call    0 returned 4
branch  1 taken 4 (fallthrough)
branch  2 taken 0 (throw)
       4*:  169:  assert(serv.get_all_contract()[0].get_denumire() == "x" ||
call    0 returned 4
branch  1 taken 4 (fallthrough)
branch  2 taken 0 (throw)
call    3 returned 4
call    4 returned 4
call    5 returned 4
branch  6 taken 4 (fallthrough)
branch  7 taken 0
call    8 returned 4
branch  9 taken 4 (fallthrough)
branch 10 taken 0 (throw)
call   11 returned 4
call   12 returned 4
call   13 returned 4
branch 14 taken 1 (fallthrough)
branch 15 taken 3
call   16 returned 1
branch 17 taken 1 (fallthrough)
branch 18 taken 0 (throw)
call   19 returned 1
call   20 returned 1
call   21 returned 1
branch 22 taken 0 (fallthrough)
branch 23 taken 1
call   24 never executed
branch 25 taken 1 (fallthrough)
branch 26 taken 3
call   27 returned 1
branch 28 taken 4 (fallthrough)
branch 29 taken 0
call   30 returned 4
branch 31 taken 4 (fallthrough)
branch 32 taken 0
call   33 returned 4
branch 34 never executed
branch 35 never executed
call   36 never executed
branch 37 never executed
branch 38 never executed
call   39 never executed
branch 40 never executed
branch 41 never executed
call   42 never executed
        -:  170:         serv.get_all_contract()[0].get_denumire() == "a" ||
        -:  171:         serv.get_all_contract()[0].get_denumire() == "y");
        -:  172:
        4:  173:  serv.delete_all_contract();
call    0 returned 4
branch  1 taken 4 (fallthrough)
branch  2 taken 0 (throw)
        4:  174:  serv.add_to_contract("x", "1", ".", ".");
call    0 returned 4
call    1 returned 4
branch  2 taken 4 (fallthrough)
branch  3 taken 0 (throw)
call    4 returned 4
call    5 returned 4
branch  6 taken 4 (fallthrough)
branch  7 taken 0 (throw)
call    8 returned 4
call    9 returned 4
branch 10 taken 4 (fallthrough)
branch 11 taken 0 (throw)
call   12 returned 4
call   13 returned 4
branch 14 taken 4 (fallthrough)
branch 15 taken 0 (throw)
call   16 returned 4
branch 17 taken 4 (fallthrough)
branch 18 taken 0 (throw)
call   19 returned 4
call   20 returned 4
call   21 returned 4
call   22 returned 4
call   23 returned 4
call   24 returned 4
call   25 returned 4
call   26 returned 4
call   27 never executed
call   28 never executed
call   29 never executed
call   30 never executed
call   31 never executed
call   32 never executed
call   33 never executed
call   34 never executed
        -:  175:
        4:  176:  serv.export_contract("testing");
call    0 returned 4
call    1 returned 4
branch  2 taken 4 (fallthrough)
branch  3 taken 0 (throw)
call    4 returned 4
branch  5 taken 4 (fallthrough)
branch  6 taken 0 (throw)
call    7 returned 4
call    8 returned 4
call    9 never executed
call   10 never executed
        -:  177:
        4:  178:  std::ifstream f("testing.csv");
call    0 returned 4
branch  1 taken 4 (fallthrough)
branch  2 taken 0 (throw)
        4:  179:  std::string str;
call    0 returned 4
        4:  180:  f >> str;
call    0 returned 4
branch  1 taken 4 (fallthrough)
branch  2 taken 0 (throw)
       4*:  181:  assert(str == "x,b,p1,10");
call    0 returned 4
branch  1 taken 0 (fallthrough)
branch  2 taken 4
call    3 never executed
        4:  182:}
call    0 returned 4
call    1 returned 4
call    2 returned 4
call    3 returned 4
call    4 never executed
call    5 never executed
call    6 never executed
call    7 never executed
        -:  183:
function _Z11test_raportv called 4 returned 100% blocks executed 45%
        4:  184:void test_raport() {
        4:  185:  repository repo;
call    0 returned 4
        -:  186:  validator val;
        4:  187:  services serv{repo, val};
call    0 returned 4
        -:  188:
        4:  189:  serv.add("y", "1", "b", "p2");
call    0 returned 4
call    1 returned 4
branch  2 taken 4 (fallthrough)
branch  3 taken 0 (throw)
call    4 returned 4
call    5 returned 4
branch  6 taken 4 (fallthrough)
branch  7 taken 0 (throw)
call    8 returned 4
call    9 returned 4
branch 10 taken 4 (fallthrough)
branch 11 taken 0 (throw)
call   12 returned 4
call   13 returned 4
branch 14 taken 4 (fallthrough)
branch 15 taken 0 (throw)
call   16 returned 4
branch 17 taken 4 (fallthrough)
branch 18 taken 0 (throw)
call   19 returned 4
call   20 returned 4
call   21 returned 4
call   22 returned 4
call   23 returned 4
call   24 returned 4
call   25 returned 4
call   26 returned 4
call   27 never executed
call   28 never executed
call   29 never executed
call   30 never executed
call   31 never executed
call   32 never executed
call   33 never executed
call   34 never executed
        4:  190:  serv.add("a", "20", "c", "p1");
call    0 returned 4
call    1 returned 4
branch  2 taken 4 (fallthrough)
branch  3 taken 0 (throw)
call    4 returned 4
call    5 returned 4
branch  6 taken 4 (fallthrough)
branch  7 taken 0 (throw)
call    8 returned 4
call    9 returned 4
branch 10 taken 4 (fallthrough)
branch 11 taken 0 (throw)
call   12 returned 4
call   13 returned 4
branch 14 taken 4 (fallthrough)
branch 15 taken 0 (throw)
call   16 returned 4
branch 17 taken 4 (fallthrough)
branch 18 taken 0 (throw)
call   19 returned 4
call   20 returned 4
call   21 returned 4
call   22 returned 4
call   23 returned 4
call   24 returned 4
call   25 returned 4
call   26 returned 4
call   27 never executed
call   28 never executed
call   29 never executed
call   30 never executed
call   31 never executed
call   32 never executed
call   33 never executed
call   34 never executed
        4:  191:  serv.add("x", "20", "c", "p1");
call    0 returned 4
call    1 returned 4
branch  2 taken 4 (fallthrough)
branch  3 taken 0 (throw)
call    4 returned 4
call    5 returned 4
branch  6 taken 4 (fallthrough)
branch  7 taken 0 (throw)
call    8 returned 4
call    9 returned 4
branch 10 taken 4 (fallthrough)
branch 11 taken 0 (throw)
call   12 returned 4
call   13 returned 4
branch 14 taken 4 (fallthrough)
branch 15 taken 0 (throw)
call   16 returned 4
branch 17 taken 4 (fallthrough)
branch 18 taken 0 (throw)
call   19 returned 4
call   20 returned 4
call   21 returned 4
call   22 returned 4
call   23 returned 4
call   24 returned 4
call   25 returned 4
call   26 returned 4
call   27 never executed
call   28 never executed
call   29 never executed
call   30 never executed
call   31 never executed
call   32 never executed
call   33 never executed
call   34 never executed
        -:  192:
       4*:  193:  assert(serv.raport_profesor_frecventa().find("p2")->second.get_frecventa() ==
call    0 returned 4
branch  1 taken 4 (fallthrough)
branch  2 taken 0 (throw)
call    3 returned 4
call    4 returned 4
branch  5 taken 4 (fallthrough)
branch  6 taken 0 (throw)
call    7 returned 4
branch  8 taken 4 (fallthrough)
branch  9 taken 0 (throw)
call   10 returned 4
call   11 returned 4
branch 12 taken 0 (fallthrough)
branch 13 taken 4
call   14 never executed
call   15 returned 4
call   16 returned 4
call   17 never executed
call   18 never executed
        -:  194:         1);
       4*:  195:  assert(serv.raport_profesor_frecventa().find("p1")->second.get_frecventa() ==
call    0 returned 4
branch  1 taken 4 (fallthrough)
branch  2 taken 0 (throw)
call    3 returned 4
call    4 returned 4
branch  5 taken 4 (fallthrough)
branch  6 taken 0 (throw)
call    7 returned 4
branch  8 taken 4 (fallthrough)
branch  9 taken 0 (throw)
call   10 returned 4
call   11 returned 4
branch 12 taken 0 (fallthrough)
branch 13 taken 4
call   14 never executed
call   15 returned 4
call   16 returned 4
call   17 never executed
call   18 never executed
        -:  196:         2);
        4:  197:}
call    0 returned 4
call    1 returned 4
call    2 never executed
call    3 never executed
        -:  198:
function _Z9test_undov called 4 returned 100% blocks executed 51%
        4:  199:void test_undo() {
        4:  200:  repository repo;
call    0 returned 4
        -:  201:  validator val;
        4:  202:  services serv{repo, val};
call    0 returned 4
        -:  203:
        4:  204:  serv.add("y", "1", "b", "p2");
call    0 returned 4
call    1 returned 4
branch  2 taken 4 (fallthrough)
branch  3 taken 0 (throw)
call    4 returned 4
call    5 returned 4
branch  6 taken 4 (fallthrough)
branch  7 taken 0 (throw)
call    8 returned 4
call    9 returned 4
branch 10 taken 4 (fallthrough)
branch 11 taken 0 (throw)
call   12 returned 4
call   13 returned 4
branch 14 taken 4 (fallthrough)
branch 15 taken 0 (throw)
call   16 returned 4
branch 17 taken 4 (fallthrough)
branch 18 taken 0 (throw)
call   19 returned 4
call   20 returned 4
call   21 returned 4
call   22 returned 4
call   23 returned 4
call   24 returned 4
call   25 returned 4
call   26 returned 4
call   27 never executed
call   28 never executed
call   29 never executed
call   30 never executed
call   31 never executed
call   32 never executed
call   33 never executed
call   34 never executed
       4*:  205:  assert(repo.get_all()[0].get_denumire() == "y");
call    0 returned 4
call    1 returned 4
call    2 returned 4
call    3 returned 4
branch  4 taken 0 (fallthrough)
branch  5 taken 4
call    6 never executed
call    7 returned 4
        4:  206:  serv.undo();
call    0 returned 4
branch  1 taken 4 (fallthrough)
branch  2 taken 0 (throw)
       4*:  207:  assert(repo.get_all().size() == 0);
call    0 returned 4
call    1 returned 4
branch  2 taken 0 (fallthrough)
branch  3 taken 4
call    4 never executed
        -:  208:
        4:  209:  serv.add("y", "1", "b", "p2");
call    0 returned 4
call    1 returned 4
branch  2 taken 4 (fallthrough)
branch  3 taken 0 (throw)
call    4 returned 4
call    5 returned 4
branch  6 taken 4 (fallthrough)
branch  7 taken 0 (throw)
call    8 returned 4
call    9 returned 4
branch 10 taken 4 (fallthrough)
branch 11 taken 0 (throw)
call   12 returned 4
call   13 returned 4
branch 14 taken 4 (fallthrough)
branch 15 taken 0 (throw)
call   16 returned 4
branch 17 taken 4 (fallthrough)
branch 18 taken 0 (throw)
call   19 returned 4
call   20 returned 4
call   21 returned 4
call   22 returned 4
call   23 returned 4
call   24 returned 4
call   25 returned 4
call   26 returned 4
call   27 never executed
call   28 never executed
call   29 never executed
call   30 never executed
call   31 never executed
call   32 never executed
call   33 never executed
call   34 never executed
        4:  210:  serv.remove("y", "1", ".", ".");
call    0 returned 4
call    1 returned 4
branch  2 taken 4 (fallthrough)
branch  3 taken 0 (throw)
call    4 returned 4
call    5 returned 4
branch  6 taken 4 (fallthrough)
branch  7 taken 0 (throw)
call    8 returned 4
call    9 returned 4
branch 10 taken 4 (fallthrough)
branch 11 taken 0 (throw)
call   12 returned 4
call   13 returned 4
branch 14 taken 4 (fallthrough)
branch 15 taken 0 (throw)
call   16 returned 4
branch 17 taken 4 (fallthrough)
branch 18 taken 0 (throw)
call   19 returned 4
call   20 returned 4
call   21 returned 4
call   22 returned 4
call   23 returned 4
call   24 returned 4
call   25 returned 4
call   26 returned 4
call   27 never executed
call   28 never executed
call   29 never executed
call   30 never executed
call   31 never executed
call   32 never executed
call   33 never executed
call   34 never executed
        -:  211:
       4*:  212:  assert(repo.get_all().size() == 0);
call    0 returned 4
call    1 returned 4
branch  2 taken 0 (fallthrough)
branch  3 taken 4
call    4 never executed
        4:  213:  serv.undo();
call    0 returned 4
branch  1 taken 4 (fallthrough)
branch  2 taken 0 (throw)
        -:  214:
       4*:  215:  assert(repo.get_all()[0].get_denumire() == "y");
call    0 returned 4
call    1 returned 4
call    2 returned 4
call    3 returned 4
branch  4 taken 0 (fallthrough)
branch  5 taken 4
call    6 never executed
call    7 returned 4
        -:  216:
        4:  217:  serv.modify("y", "2", "c", "p3");
call    0 returned 4
call    1 returned 4
branch  2 taken 4 (fallthrough)
branch  3 taken 0 (throw)
call    4 returned 4
call    5 returned 4
branch  6 taken 4 (fallthrough)
branch  7 taken 0 (throw)
call    8 returned 4
call    9 returned 4
branch 10 taken 4 (fallthrough)
branch 11 taken 0 (throw)
call   12 returned 4
call   13 returned 4
branch 14 taken 4 (fallthrough)
branch 15 taken 0 (throw)
call   16 returned 4
branch 17 taken 4 (fallthrough)
branch 18 taken 0 (throw)
call   19 returned 4
call   20 returned 4
call   21 returned 4
call   22 returned 4
call   23 returned 4
call   24 returned 4
call   25 returned 4
call   26 returned 4
call   27 never executed
call   28 never executed
call   29 never executed
call   30 never executed
call   31 never executed
call   32 never executed
call   33 never executed
call   34 never executed
        -:  218:
        4:  219:  serv.undo();
call    0 returned 4
branch  1 taken 4 (fallthrough)
branch  2 taken 0 (throw)
        -:  220:
       4*:  221:  assert(repo.get_all()[0].get_ore() == 1);
call    0 returned 4
call    1 returned 4
call    2 returned 4
branch  3 taken 0 (fallthrough)
branch  4 taken 4
call    5 never executed
       4*:  222:  assert(repo.get_all()[0].get_profesor() == "p2");
call    0 returned 4
call    1 returned 4
call    2 returned 4
call    3 returned 4
branch  4 taken 0 (fallthrough)
branch  5 taken 4
call    6 never executed
call    7 returned 4
       4*:  223:  assert(repo.get_all()[0].get_tip() == "b");
call    0 returned 4
call    1 returned 4
call    2 returned 4
call    3 returned 4
branch  4 taken 0 (fallthrough)
branch  5 taken 4
call    6 never executed
call    7 returned 4
        -:  224:
        4:  225:  serv.undo();
call    0 returned 4
branch  1 taken 4 (fallthrough)
branch  2 taken 0 (throw)
        -:  226:
        -:  227:  try {
       4*:  228:    serv.undo();assert(false);
call    0 returned 4
branch  1 taken 0 (fallthrough)
branch  2 taken 4 (throw)
call    3 never executed
        4:  229:  } catch (const servException &ex) {
branch  0 taken 0 (fallthrough)
branch  1 taken 4
call    2 returned 4
        4:  230:    std::stringstream os;
call    0 returned 4
branch  1 taken 4 (fallthrough)
branch  2 taken 0 (throw)
        4:  231:    os << ex;
call    0 returned 4
branch  1 taken 4 (fallthrough)
branch  2 taken 0 (throw)
        -:  232:    assert(true);
        4:  233:  }
call    0 returned 4
call    1 returned 4
branch  2 taken 4 (fallthrough)
branch  3 taken 0 (throw)
call    4 never executed
call    5 never executed
        4:  234:}
call    0 returned 4
call    1 returned 4
call    2 never executed
call    3 never executed
function _Z8test_allv called 4 returned 100% blocks executed 100%
        4:  235:void test_all() {
        -:  236:
        4:  237:  test_add();
call    0 returned 4
        4:  238:  test_remove();
call    0 returned 4
        4:  239:  test_modify();
call    0 returned 4
        4:  240:  test_filter();
call    0 returned 4
        4:  241:  test_sort();
call    0 returned 4
        4:  242:  test_validate();
call    0 returned 4
        -:  243:  // test_vector();
        4:  244:  test_contract();
call    0 returned 4
        4:  245:  test_raport();
call    0 returned 4
        4:  246:  test_undo();
call    0 returned 4
        4:  247:}
